CPU "ARCH" Simulator, 2.5a(Jan 22 2015)
-----------------------------------------

IMemory sets starting address to 100
DMemory sets starting address to 100
00000100:  23    LW      R1[aaaaaaaa]
00000104:  23    LW      R2[55555555]
00000108:  23    LW      R3[99999999]
0000010c:  01    NOP    
00000110:  01    NOP    
00000114:  01    NOP    
00000118:  01    NOP    
0000011c:  00 07 BREAK  
     R1[aaaaaaaa]  R2[55555555]  R3[99999999]
00000120:  00 14 AND     R4[00000000]
00000124:  00 14 AND     R5[88888888]
00000128:  00 14 AND     R6[11111111]
0000012c:  00 15 OR      R7[ffffffff]
00000130:  00 15 OR      R8[bbbbbbbb]
00000134:  00 15 OR      R9[dddddddd]
00000138:  00 16 XOR     R10[ffffffff]
0000013c:  00 16 XOR     R11[33333333]
00000140:  00 16 XOR     R12[cccccccc]
00000144:  00 00 HALT   
Machine Halted - HALT instruction executed

Simulated time 45 cycles

LAST CPUObject DESTROYED; END OF SIMULATION
