CPU "ARCH" Simulator, 2.5a(Jan 22 2015)
-----------------------------------------

IMemory sets starting address to 50
DMemory sets starting address to 50
00000050:  27    LUI     R22[ffff0000]
00000054:  27    LUI     R23[7fff0000]
00000058:  02    J      
0000005c:  01    NOP    
00000100:  3c    BEQ    
00000104:  01    NOP    
00000108:  01    NOP    
0000010c:  01    NOP    
00000110:  27    LUI     R11[0ace0000]
00000114:  02    J      
00000118:  01    NOP    
00000200:  01    NOP    
00000204:  01    NOP    
00000208:  3c    BEQ    
0000020c:  01    NOP    
0000022c:  27    LUI     R12[0ace0000]
00000230:  02    J      
00000234:  01    NOP    
00000300:  01    NOP    
00000304:  01    NOP    
00000308:  3d    BNE    
0000030c:  01    NOP    
0000032c:  27    LUI     R13[0ace0000]
00000330:  02    J      
00000334:  01    NOP    
00000400:  01    NOP    
00000404:  01    NOP    
00000408:  3d    BNE    
0000040c:  01    NOP    
00000410:  01    NOP    
00000414:  01    NOP    
00000418:  27    LUI     R14[0ace0000]
0000041c:  02    J      
00000420:  01    NOP    
00000500:  00 07 BREAK  
    R11[0ace0000] R12[0ace0000] R13[0ace0000] R14[0ace0000]
    R22[ffff0000] R23[7fff0000]
00000504:  00 00 HALT   
Machine Halted - HALT instruction executed

Simulated time 81 cycles

LAST CPUObject DESTROYED; END OF SIMULATION
