CPU "ARCH" Simulator, 2.5a(Jan 22 2015)
-----------------------------------------

IMemory sets starting address to 500
DMemory sets starting address to 500
00000500:  15    ORI     R1[00000100]
00000504:  01    NOP    
00000508:  01    NOP    
0000050c:  01    NOP    
00000510:  23    LW      R10[55555555]
00000514:  23    LW      R11[77777777]
00000518:  23    LW      R12[aaaaaaaa]
0000051c:  23    LW      R13[99999999]
00000520:  00 07 BREAK  
     R1[00000100] R10[55555555] R11[77777777] R12[aaaaaaaa]
    R13[99999999]
00000524:  23    LW      R0[00000000]
00000528:  01    NOP    
0000052c:  01    NOP    
00000530:  01    NOP    
00000534:  01    NOP    
00000538:  00 15 OR      R0[00000000]
0000053c:  01    NOP    
00000540:  01    NOP    
00000544:  01    NOP    
00000548:  01    NOP    
0000054c:  00 10 ADD     R0[00000000]
00000550:  01    NOP    
00000554:  01    NOP    
00000558:  01    NOP    
0000055c:  01    NOP    
00000560:  00 07 BREAK  
     R1[00000100] R10[55555555] R11[77777777] R12[aaaaaaaa]
    R13[99999999]
00000564:  00 00 HALT   
Machine Halted - HALT instruction executed

Simulated time 61 cycles

LAST CPUObject DESTROYED; END OF SIMULATION
