CPU "ARCH" Simulator, 2.5a(Jan 22 2015)
-----------------------------------------

IMemory sets starting address to 200
DMemory sets starting address to 200
00000200:  23    LW      R1[fffffff0]
00000204:  01    NOP    
00000208:  01    NOP    
0000020c:  01    NOP    
00000210:  2b    SW     
00000214:  23    LW      R2[00000000]
00000218:  01    NOP    
0000021c:  01    NOP    
00000220:  01    NOP    
00000224:  10    ADDI    R2[00000001]
00000228:  01    NOP    
0000022c:  01    NOP    
00000230:  01    NOP    
00000234:  2b    SW     
00000238:  23    LW      R3[fffffff0]
0000023c:  01    NOP    
00000240:  01    NOP    
00000244:  01    NOP    
00000248:  10    ADDI    R3[fffffff1]
0000024c:  01    NOP    
00000250:  01    NOP    
00000254:  01    NOP    
00000258:  2b    SW     
0000025c:  01    NOP    
00000260:  01    NOP    
00000264:  01    NOP    
00000268:  3d    BNE    
0000026c:  01    NOP    
00000214:  23    LW      R2[00000001]
00000218:  01    NOP    
0000021c:  01    NOP    
00000220:  01    NOP    
00000224:  10    ADDI    R2[00000002]
00000228:  01    NOP    
0000022c:  01    NOP    
00000230:  01    NOP    
00000234:  2b    SW     
00000238:  23    LW      R3[fffffff1]
0000023c:  01    NOP    
00000240:  01    NOP    
00000244:  01    NOP    
00000248:  10    ADDI    R3[fffffff2]
0000024c:  01    NOP    
00000250:  01    NOP    
00000254:  01    NOP    
00000258:  2b    SW     
0000025c:  01    NOP    
00000260:  01    NOP    
00000264:  01    NOP    
00000268:  3d    BNE    
0000026c:  01    NOP    
00000214:  23    LW      R2[00000002]
00000218:  01    NOP    
0000021c:  01    NOP    
00000220:  01    NOP    
00000224:  10    ADDI    R2[00000003]
00000228:  01    NOP    
0000022c:  01    NOP    
00000230:  01    NOP    
00000234:  2b    SW     
00000238:  23    LW      R3[fffffff2]
0000023c:  01    NOP    
00000240:  01    NOP    
00000244:  01    NOP    
00000248:  10    ADDI    R3[fffffff3]
0000024c:  01    NOP    
00000250:  01    NOP    
00000254:  01    NOP    
00000258:  2b    SW     
0000025c:  01    NOP    
00000260:  01    NOP    
00000264:  01    NOP    
00000268:  3d    BNE    
0000026c:  01    NOP    
00000214:  23    LW      R2[00000003]
00000218:  01    NOP    
0000021c:  01    NOP    
00000220:  01    NOP    
00000224:  10    ADDI    R2[00000004]
00000228:  01    NOP    
0000022c:  01    NOP    
00000230:  01    NOP    
00000234:  2b    SW     
00000238:  23    LW      R3[fffffff3]
0000023c:  01    NOP    
00000240:  01    NOP    
00000244:  01    NOP    
00000248:  10    ADDI    R3[fffffff4]
0000024c:  01    NOP    
00000250:  01    NOP    
00000254:  01    NOP    
00000258:  2b    SW     
0000025c:  01    NOP    
00000260:  01    NOP    
00000264:  01    NOP    
00000268:  3d    BNE    
0000026c:  01    NOP    
00000214:  23    LW      R2[00000004]
00000218:  01    NOP    
0000021c:  01    NOP    
00000220:  01    NOP    
00000224:  10    ADDI    R2[00000005]
00000228:  01    NOP    
0000022c:  01    NOP    
00000230:  01    NOP    
00000234:  2b    SW     
00000238:  23    LW      R3[fffffff4]
0000023c:  01    NOP    
00000240:  01    NOP    
00000244:  01    NOP    
00000248:  10    ADDI    R3[fffffff5]
0000024c:  01    NOP    
00000250:  01    NOP    
00000254:  01    NOP    
00000258:  2b    SW     
0000025c:  01    NOP    
00000260:  01    NOP    
00000264:  01    NOP    
00000268:  3d    BNE    
0000026c:  01    NOP    
00000214:  23    LW      R2[00000005]
00000218:  01    NOP    
0000021c:  01    NOP    
00000220:  01    NOP    
00000224:  10    ADDI    R2[00000006]
00000228:  01    NOP    
0000022c:  01    NOP    
00000230:  01    NOP    
00000234:  2b    SW     
00000238:  23    LW      R3[fffffff5]
0000023c:  01    NOP    
00000240:  01    NOP    
00000244:  01    NOP    
00000248:  10    ADDI    R3[fffffff6]
0000024c:  01    NOP    
00000250:  01    NOP    
00000254:  01    NOP    
00000258:  2b    SW     
0000025c:  01    NOP    
00000260:  01    NOP    
00000264:  01    NOP    
00000268:  3d    BNE    
0000026c:  01    NOP    
00000214:  23    LW      R2[00000006]
00000218:  01    NOP    
0000021c:  01    NOP    
00000220:  01    NOP    
00000224:  10    ADDI    R2[00000007]
00000228:  01    NOP    
0000022c:  01    NOP    
00000230:  01    NOP    
00000234:  2b    SW     
00000238:  23    LW      R3[fffffff6]
0000023c:  01    NOP    
00000240:  01    NOP    
00000244:  01    NOP    
00000248:  10    ADDI    R3[fffffff7]
0000024c:  01    NOP    
00000250:  01    NOP    
00000254:  01    NOP    
00000258:  2b    SW     
0000025c:  01    NOP    
00000260:  01    NOP    
00000264:  01    NOP    
00000268:  3d    BNE    
0000026c:  01    NOP    
00000214:  23    LW      R2[00000007]
00000218:  01    NOP    
0000021c:  01    NOP    
00000220:  01    NOP    
00000224:  10    ADDI    R2[00000008]
00000228:  01    NOP    
0000022c:  01    NOP    
00000230:  01    NOP    
00000234:  2b    SW     
00000238:  23    LW      R3[fffffff7]
0000023c:  01    NOP    
00000240:  01    NOP    
00000244:  01    NOP    
00000248:  10    ADDI    R3[fffffff8]
0000024c:  01    NOP    
00000250:  01    NOP    
00000254:  01    NOP    
00000258:  2b    SW     
0000025c:  01    NOP    
00000260:  01    NOP    
00000264:  01    NOP    
00000268:  3d    BNE    
0000026c:  01    NOP    
00000214:  23    LW      R2[00000008]
00000218:  01    NOP    
0000021c:  01    NOP    
00000220:  01    NOP    
00000224:  10    ADDI    R2[00000009]
00000228:  01    NOP    
0000022c:  01    NOP    
00000230:  01    NOP    
00000234:  2b    SW     
00000238:  23    LW      R3[fffffff8]
0000023c:  01    NOP    
00000240:  01    NOP    
00000244:  01    NOP    
00000248:  10    ADDI    R3[fffffff9]
0000024c:  01    NOP    
00000250:  01    NOP    
00000254:  01    NOP    
00000258:  2b    SW     
0000025c:  01    NOP    
00000260:  01    NOP    
00000264:  01    NOP    
00000268:  3d    BNE    
0000026c:  01    NOP    
00000214:  23    LW      R2[00000009]
00000218:  01    NOP    
0000021c:  01    NOP    
00000220:  01    NOP    
00000224:  10    ADDI    R2[0000000a]
00000228:  01    NOP    
0000022c:  01    NOP    
00000230:  01    NOP    
00000234:  2b    SW     
00000238:  23    LW      R3[fffffff9]
0000023c:  01    NOP    
00000240:  01    NOP    
00000244:  01    NOP    
00000248:  10    ADDI    R3[fffffffa]
0000024c:  01    NOP    
00000250:  01    NOP    
00000254:  01    NOP    
00000258:  2b    SW     
0000025c:  01    NOP    
00000260:  01    NOP    
00000264:  01    NOP    
00000268:  3d    BNE    
0000026c:  01    NOP    
00000214:  23    LW      R2[0000000a]
00000218:  01    NOP    
0000021c:  01    NOP    
00000220:  01    NOP    
00000224:  10    ADDI    R2[0000000b]
00000228:  01    NOP    
0000022c:  01    NOP    
00000230:  01    NOP    
00000234:  2b    SW     
00000238:  23    LW      R3[fffffffa]
0000023c:  01    NOP    
00000240:  01    NOP    
00000244:  01    NOP    
00000248:  10    ADDI    R3[fffffffb]
0000024c:  01    NOP    
00000250:  01    NOP    
00000254:  01    NOP    
00000258:  2b    SW     
0000025c:  01    NOP    
00000260:  01    NOP    
00000264:  01    NOP    
00000268:  3d    BNE    
0000026c:  01    NOP    
00000214:  23    LW      R2[0000000b]
00000218:  01    NOP    
0000021c:  01    NOP    
00000220:  01    NOP    
00000224:  10    ADDI    R2[0000000c]
00000228:  01    NOP    
0000022c:  01    NOP    
00000230:  01    NOP    
00000234:  2b    SW     
00000238:  23    LW      R3[fffffffb]
0000023c:  01    NOP    
00000240:  01    NOP    
00000244:  01    NOP    
00000248:  10    ADDI    R3[fffffffc]
0000024c:  01    NOP    
00000250:  01    NOP    
00000254:  01    NOP    
00000258:  2b    SW     
0000025c:  01    NOP    
00000260:  01    NOP    
00000264:  01    NOP    
00000268:  3d    BNE    
0000026c:  01    NOP    
00000214:  23    LW      R2[0000000c]
00000218:  01    NOP    
0000021c:  01    NOP    
00000220:  01    NOP    
00000224:  10    ADDI    R2[0000000d]
00000228:  01    NOP    
0000022c:  01    NOP    
00000230:  01    NOP    
00000234:  2b    SW     
00000238:  23    LW      R3[fffffffc]
0000023c:  01    NOP    
00000240:  01    NOP    
00000244:  01    NOP    
00000248:  10    ADDI    R3[fffffffd]
0000024c:  01    NOP    
00000250:  01    NOP    
00000254:  01    NOP    
00000258:  2b    SW     
0000025c:  01    NOP    
00000260:  01    NOP    
00000264:  01    NOP    
00000268:  3d    BNE    
0000026c:  01    NOP    
00000214:  23    LW      R2[0000000d]
00000218:  01    NOP    
0000021c:  01    NOP    
00000220:  01    NOP    
00000224:  10    ADDI    R2[0000000e]
00000228:  01    NOP    
0000022c:  01    NOP    
00000230:  01    NOP    
00000234:  2b    SW     
00000238:  23    LW      R3[fffffffd]
0000023c:  01    NOP    
00000240:  01    NOP    
00000244:  01    NOP    
00000248:  10    ADDI    R3[fffffffe]
0000024c:  01    NOP    
00000250:  01    NOP    
00000254:  01    NOP    
00000258:  2b    SW     
0000025c:  01    NOP    
00000260:  01    NOP    
00000264:  01    NOP    
00000268:  3d    BNE    
0000026c:  01    NOP    
00000214:  23    LW      R2[0000000e]
00000218:  01    NOP    
0000021c:  01    NOP    
00000220:  01    NOP    
00000224:  10    ADDI    R2[0000000f]
00000228:  01    NOP    
0000022c:  01    NOP    
00000230:  01    NOP    
00000234:  2b    SW     
00000238:  23    LW      R3[fffffffe]
0000023c:  01    NOP    
00000240:  01    NOP    
00000244:  01    NOP    
00000248:  10    ADDI    R3[ffffffff]
0000024c:  01    NOP    
00000250:  01    NOP    
00000254:  01    NOP    
00000258:  2b    SW     
0000025c:  01    NOP    
00000260:  01    NOP    
00000264:  01    NOP    
00000268:  3d    BNE    
0000026c:  01    NOP    
00000214:  23    LW      R2[0000000f]
00000218:  01    NOP    
0000021c:  01    NOP    
00000220:  01    NOP    
00000224:  10    ADDI    R2[00000010]
00000228:  01    NOP    
0000022c:  01    NOP    
00000230:  01    NOP    
00000234:  2b    SW     
00000238:  23    LW      R3[ffffffff]
0000023c:  01    NOP    
00000240:  01    NOP    
00000244:  01    NOP    
00000248:  10    ADDI    R3[00000000]
0000024c:  01    NOP    
00000250:  01    NOP    
00000254:  01    NOP    
00000258:  2b    SW     
0000025c:  01    NOP    
00000260:  01    NOP    
00000264:  01    NOP    
00000268:  3d    BNE    
0000026c:  01    NOP    
00000270:  01    NOP    
00000274:  01    NOP    
00000278:  02    J      
0000027c:  01    NOP    
00000f00:  23    LW      R4[00000010]
00000f04:  01    NOP    
00000f08:  01    NOP    
00000f0c:  01    NOP    
00000f10:  00 07 BREAK  
     R1[fffffff0]  R2[00000010]  R4[00000010]
00000f14:  00 00 HALT   
Machine Halted - HALT instruction executed

Simulated time 775 cycles

LAST CPUObject DESTROYED; END OF SIMULATION
