CPU "ARCH" Simulator, 2.5a(Jan 22 2015)
-----------------------------------------

IMemory sets starting address to 100
DMemory sets starting address to 100
00000100:  10    ADDI    R1[00000010]
00000104:  10    ADDI    R2[00000004]
00000108:  10    ADDI    R3[ffffffff]
0000010c:  01    NOP    
00000110:  01    NOP    
00000114:  01    NOP    
00000118:  23    LW      R4[a5a5a5a5]
0000011c:  01    NOP    
00000120:  01    NOP    
00000124:  01    NOP    
00000128:  00 2d SLLV    R10[a5a50000]
0000012c:  00 2e SRLV    R11[0000a5a5]
00000130:  00 2f SRAV    R12[ffffa5a5]
00000134:  00 2d SLLV    R13[5a5a5a50]
00000138:  00 2e SRLV    R14[0a5a5a5a]
0000013c:  00 2f SRAV    R15[fa5a5a5a]
00000140:  00 2d SLLV    R16[80000000]
00000144:  00 2e SRLV    R17[00000001]
00000148:  00 2f SRAV    R18[ffffffff]
0000014c:  00 00 HALT   
Machine Halted - HALT instruction executed

Simulated time 49 cycles

LAST CPUObject DESTROYED; END OF SIMULATION
