CPU "ARCH" Simulator, 2.5a(Jan 22 2015)
-----------------------------------------

IMemory sets starting address to 100
DMemory sets starting address to 100
00000100:  23    LW      R1[ffffffff]
00000104:  01    NOP    
00000108:  01    NOP    
0000010c:  01    NOP    
00000110:  2b    SW     
00000114:  01    NOP    
00000118:  01    NOP    
0000011c:  01    NOP    
00000120:  23    LW      R2[ffffffff]
00000124:  01    NOP    
00000128:  01    NOP    
0000012c:  01    NOP    
00000130:  23    LW      R3[87659abc]
00000134:  01    NOP    
00000138:  01    NOP    
0000013c:  01    NOP    
00000140:  2b    SW     
00000144:  01    NOP    
00000148:  01    NOP    
0000014c:  01    NOP    
00000150:  23    LW      R4[87659abc]
00000154:  00 00 HALT   
Machine Halted - HALT instruction executed

Simulated time 53 cycles

LAST CPUObject DESTROYED; END OF SIMULATION
